2023-05-23 09:11:40,info,Starting export from C:\Users\jayeshkumar.patel\AppData\Roaming\VanDyke\Config to C:\Users\jayeshkumar.patel\Documents\Tools\Secure CRT\05232023_CSRExport.xml
2023-05-23 09:11:40,warn,The sensitive data will not be exported because the configuration passphrase was not entered when SecureCRT started.
2023-05-23 09:11:40,info,Exporting global options...
2023-05-23 09:11:40,info,Exporting sessions...
2023-05-23 09:11:40,info,Exporting session '\Default'...
2023-05-23 09:11:40,info,Exporting session '\Default_LocalShell'...
2023-05-23 09:11:40,info,Exporting session '\Fujitsu@10.141.21.239'...
2023-05-23 09:11:40,info,Exporting session '\SUWLW1001017.echostar.com'...
2023-05-23 09:11:40,info,Exporting saved credentials...
2023-05-23 09:11:40,info,Exporting highlight keywords...
2023-05-23 09:11:40,info,Exporting button bars...
2023-05-23 09:11:40,info,Exporting commands...
2023-05-23 09:11:40,info,Exporting menus and toolbars...
2023-05-23 09:11:40,info,Exporting protocol options...
2023-05-23 09:11:40,info,Exporting file types...
2023-05-23 09:11:40,info,Exporting associated files...
2023-05-23 09:11:40,info,Exporting file 'C:\Users\jayeshkumar.patel\AppData\Roaming\VanDyke\Config\KnownHosts\10.141.21.239[10.141.21.239]22.pub'...
2023-05-23 09:11:40,info,Exporting file 'C:\Users\jayeshkumar.patel\AppData\Roaming\VanDyke\Config\KnownHosts\HostKeyDB.txt'...
2023-05-23 09:11:40,info,Exporting file 'C:\Users\jayeshkumar.patel\Documents\Tools\Scripts\Logintojumpbox.py'...
2023-05-23 09:11:40,info,Exporting license...
2023-05-23 09:11:40,info,Export from C:\Users\jayeshkumar.patel\AppData\Roaming\VanDyke\Config to C:\Users\jayeshkumar.patel\Documents\Tools\Secure CRT\05232023_CSRExport.xml complete
